<?xml version="1.0" encoding="UTF-8"?>
<testng-results ignored="0" total="16" passed="12" failed="4" skipped="0">
  <reporter-output>
  </reporter-output>
  <suite started-at="2024-04-12T12:02:00 IST" name="Suite" finished-at="2024-04-12T12:06:28 IST" duration-ms="267565">
    <groups>
    </groups>
    <test started-at="2024-04-12T12:02:00 IST" name="ChromeTest" finished-at="2024-04-12T12:04:14 IST" duration-ms="133439">
      <class name="testCases.TC_001_Validate_BookShelves">
        <test-method is-config="true" signature="setup(java.lang.String,java.lang.String)[pri:0, instance:testCases.TC_001_Validate_BookShelves@4fe89c24]" started-at="2024-04-12T12:02:01 IST" name="setup" finished-at="2024-04-12T12:02:14 IST" duration-ms="12999" status="PASS">
          <params>
            <param index="0">
              <value>
                <![CDATA[windows]]>
              </value>
            </param>
            <param index="1">
              <value>
                <![CDATA[chrome]]>
              </value>
            </param>
          </params>
          <reporter-output>
          </reporter-output>
        </test-method> <!-- setup -->
        <test-method signature="test_001()[pri:0, instance:testCases.TC_001_Validate_BookShelves@4fe89c24]" started-at="2024-04-12T12:02:14 IST" name="test_001" finished-at="2024-04-12T12:02:32 IST" duration-ms="18142" status="PASS">
          <reporter-output>
          </reporter-output>
        </test-method> <!-- test_001 -->
        <test-method is-config="true" signature="close()[pri:0, instance:testCases.TC_001_Validate_BookShelves@4fe89c24]" started-at="2024-04-12T12:04:12 IST" name="close" finished-at="2024-04-12T12:04:14 IST" duration-ms="1173" status="PASS">
          <reporter-output>
          </reporter-output>
        </test-method> <!-- close -->
      </class> <!-- testCases.TC_001_Validate_BookShelves -->
      <class name="testCases.TC_003_Validate_Gift_Cards">
        <test-method signature="test_003(java.lang.String,java.lang.String,java.lang.String,java.lang.String,java.lang.String,java.lang.String,java.lang.String,java.lang.String,java.lang.String,java.lang.String)[pri:0, instance:testCases.TC_003_Validate_Gift_Cards@165b8a71]" started-at="2024-04-12T12:02:39 IST" name="test_003" data-provider="form_to_data" finished-at="2024-04-12T12:02:49 IST" duration-ms="9867" status="PASS">
          <params>
            <param index="0">
              <value>
                <![CDATA[Raja]]>
              </value>
            </param>
            <param index="1">
              <value>
                <![CDATA[raja@gmail.com]]>
              </value>
            </param>
            <param index="2">
              <value>
                <![CDATA[6374603092]]>
              </value>
            </param>
            <param index="3">
              <value>
                <![CDATA[Vimal]]>
              </value>
            </param>
            <param index="4">
              <value>
                <![CDATA[vimal@gmail.com]]>
              </value>
            </param>
            <param index="5">
              <value>
                <![CDATA[6374603082]]>
              </value>
            </param>
            <param index="6">
              <value>
                <![CDATA[Chennai]]>
              </value>
            </param>
            <param index="7">
              <value>
                <![CDATA[600028]]>
              </value>
            </param>
            <param index="8">
              <value>
                <![CDATA[pass]]>
              </value>
            </param>
            <param index="9">
              <value>
                <![CDATA[1]]>
              </value>
            </param>
          </params>
          <reporter-output>
          </reporter-output>
        </test-method> <!-- test_003 -->
        <test-method signature="test_003(java.lang.String,java.lang.String,java.lang.String,java.lang.String,java.lang.String,java.lang.String,java.lang.String,java.lang.String,java.lang.String,java.lang.String)[pri:0, instance:testCases.TC_003_Validate_Gift_Cards@165b8a71]" started-at="2024-04-12T12:02:50 IST" name="test_003" data-provider="form_to_data" finished-at="2024-04-12T12:03:17 IST" duration-ms="27668" status="FAIL">
          <params>
            <param index="0">
              <value>
                <![CDATA[Kamal]]>
              </value>
            </param>
            <param index="1">
              <value>
                <![CDATA[kamal.com]]>
              </value>
            </param>
            <param index="2">
              <value>
                <![CDATA[6374603092]]>
              </value>
            </param>
            <param index="3">
              <value>
                <![CDATA[Vimal]]>
              </value>
            </param>
            <param index="4">
              <value>
                <![CDATA[vimal@gmail.com]]>
              </value>
            </param>
            <param index="5">
              <value>
                <![CDATA[6374603082]]>
              </value>
            </param>
            <param index="6">
              <value>
                <![CDATA[Chennai]]>
              </value>
            </param>
            <param index="7">
              <value>
                <![CDATA[600028]]>
              </value>
            </param>
            <param index="8">
              <value>
                <![CDATA[fail]]>
              </value>
            </param>
            <param index="9">
              <value>
                <![CDATA[2]]>
              </value>
            </param>
          </params>
          <exception class="java.lang.AssertionError">
            <message>
              <![CDATA[Section Element Not found: no such element: Unable to locate element: {"method":"xpath","selector":"//section[@class = '_14QEd _1QpDs']"}
  (Session info: chrome=120.0.6099.130)
For documentation on this error, please visit: https://www.selenium.dev/documentation/webdriver/troubleshooting/errors#no-such-element-exception
Build info: version: '4.15.0', revision: '1d14b5521b'
System info: os.name: 'Windows 11', os.arch: 'amd64', os.version: '10.0', java.version: '11.0.22'
Driver info: org.openqa.selenium.chrome.ChromeDriver
Command: [fc09228e1bd7bbd32cabce5224fb148a, findElement {using=xpath, value=//section[@class = '_14QEd _1QpDs']}]
Capabilities {acceptInsecureCerts: false, browserName: chrome, browserVersion: 120.0.6099.130, chrome: {chromedriverVersion: 120.0.6099.109 (3419140ab66..., userDataDir: C:\Users\2318646\AppData\Lo...}, fedcm:accounts: true, goog:chromeOptions: {debuggerAddress: localhost:54802}, networkConnectionEnabled: false, pageLoadStrategy: normal, platformName: windows, proxy: Proxy(), se:cdp: ws://localhost:54802/devtoo..., se:cdpVersion: 120.0.6099.130, setWindowRect: true, strictFileInteractability: false, timeouts: {implicit: 0, pageLoad: 300000, script: 30000}, unhandledPromptBehavior: dismiss and notify, webauthn:extension:credBlob: true, webauthn:extension:largeBlob: true, webauthn:extension:minPinLength: true, webauthn:extension:prf: true, webauthn:virtualAuthenticators: true}
Session ID: fc09228e1bd7bbd32cabce5224fb148a]]>
            </message>
            <full-stacktrace>
              <![CDATA[java.lang.AssertionError: Section Element Not found: no such element: Unable to locate element: {"method":"xpath","selector":"//section[@class = '_14QEd _1QpDs']"}
  (Session info: chrome=120.0.6099.130)
For documentation on this error, please visit: https://www.selenium.dev/documentation/webdriver/troubleshooting/errors#no-such-element-exception
Build info: version: '4.15.0', revision: '1d14b5521b'
System info: os.name: 'Windows 11', os.arch: 'amd64', os.version: '10.0', java.version: '11.0.22'
Driver info: org.openqa.selenium.chrome.ChromeDriver
Command: [fc09228e1bd7bbd32cabce5224fb148a, findElement {using=xpath, value=//section[@class = '_14QEd _1QpDs']}]
Capabilities {acceptInsecureCerts: false, browserName: chrome, browserVersion: 120.0.6099.130, chrome: {chromedriverVersion: 120.0.6099.109 (3419140ab66..., userDataDir: C:\Users\2318646\AppData\Lo...}, fedcm:accounts: true, goog:chromeOptions: {debuggerAddress: localhost:54802}, networkConnectionEnabled: false, pageLoadStrategy: normal, platformName: windows, proxy: Proxy(), se:cdp: ws://localhost:54802/devtoo..., se:cdpVersion: 120.0.6099.130, setWindowRect: true, strictFileInteractability: false, timeouts: {implicit: 0, pageLoad: 300000, script: 30000}, unhandledPromptBehavior: dismiss and notify, webauthn:extension:credBlob: true, webauthn:extension:largeBlob: true, webauthn:extension:minPinLength: true, webauthn:extension:prf: true, webauthn:virtualAuthenticators: true}
Session ID: fc09228e1bd7bbd32cabce5224fb148a
at org.testng.Assert.fail(Assert.java:111)
at testCases.TC_003_Validate_Gift_Cards.test_003(TC_003_Validate_Gift_Cards.java:86)
at java.base/jdk.internal.reflect.NativeMethodAccessorImpl.invoke0(Native Method)
at java.base/jdk.internal.reflect.NativeMethodAccessorImpl.invoke(NativeMethodAccessorImpl.java:62)
at java.base/jdk.internal.reflect.DelegatingMethodAccessorImpl.invoke(DelegatingMethodAccessorImpl.java:43)
at java.base/java.lang.reflect.Method.invoke(Method.java:566)
at org.testng.internal.invokers.MethodInvocationHelper.invokeMethod(MethodInvocationHelper.java:139)
at org.testng.internal.invokers.TestInvoker.invokeMethod(TestInvoker.java:664)
at org.testng.internal.invokers.TestInvoker.invokeTestMethod(TestInvoker.java:227)
at org.testng.internal.invokers.MethodRunner.runInSequence(MethodRunner.java:50)
at org.testng.internal.invokers.TestInvoker$MethodInvocationAgent.invoke(TestInvoker.java:957)
at org.testng.internal.invokers.TestInvoker.invokeTestMethods(TestInvoker.java:200)
at org.testng.internal.invokers.TestMethodWorker.invokeTestMethods(TestMethodWorker.java:148)
at org.testng.internal.invokers.TestMethodWorker.run(TestMethodWorker.java:128)
at java.base/java.util.ArrayList.forEach(ArrayList.java:1541)
at org.testng.TestRunner.privateRun(TestRunner.java:848)
at org.testng.TestRunner.run(TestRunner.java:621)
at org.testng.SuiteRunner.runTest(SuiteRunner.java:443)
at org.testng.SuiteRunner.runSequentially(SuiteRunner.java:437)
at org.testng.SuiteRunner.privateRun(SuiteRunner.java:397)
at org.testng.SuiteRunner.run(SuiteRunner.java:336)
at org.testng.SuiteRunnerWorker.runSuite(SuiteRunnerWorker.java:52)
at org.testng.SuiteRunnerWorker.run(SuiteRunnerWorker.java:95)
at org.testng.TestNG.runSuitesSequentially(TestNG.java:1280)
at org.testng.TestNG.runSuitesLocally(TestNG.java:1200)
at org.testng.TestNG.runSuites(TestNG.java:1114)
at org.testng.TestNG.run(TestNG.java:1082)
at org.apache.maven.surefire.testng.TestNGExecutor.run(TestNGExecutor.java:308)
at org.apache.maven.surefire.testng.TestNGXmlTestSuite.execute(TestNGXmlTestSuite.java:71)
at org.apache.maven.surefire.testng.TestNGProvider.invoke(TestNGProvider.java:113)
at org.apache.maven.surefire.booter.ForkedBooter.runSuitesInProcess(ForkedBooter.java:385)
at org.apache.maven.surefire.booter.ForkedBooter.execute(ForkedBooter.java:162)
at org.apache.maven.surefire.booter.ForkedBooter.run(ForkedBooter.java:507)
at org.apache.maven.surefire.booter.ForkedBooter.main(ForkedBooter.java:495)
]]>
            </full-stacktrace>
          </exception> <!-- java.lang.AssertionError -->
          <reporter-output>
          </reporter-output>
        </test-method> <!-- test_003 -->
        <test-method signature="test_003(java.lang.String,java.lang.String,java.lang.String,java.lang.String,java.lang.String,java.lang.String,java.lang.String,java.lang.String,java.lang.String,java.lang.String)[pri:0, instance:testCases.TC_003_Validate_Gift_Cards@165b8a71]" started-at="2024-04-12T12:03:18 IST" name="test_003" data-provider="form_to_data" finished-at="2024-04-12T12:03:26 IST" duration-ms="8411" status="PASS">
          <params>
            <param index="0">
              <value>
                <![CDATA[Gomathi]]>
              </value>
            </param>
            <param index="1">
              <value>
                <![CDATA[gomathi@gmail.com]]>
              </value>
            </param>
            <param index="2">
              <value>
                <![CDATA[6374603092]]>
              </value>
            </param>
            <param index="3">
              <value>
                <![CDATA[Vimal]]>
              </value>
            </param>
            <param index="4">
              <value>
                <![CDATA[vimal@gmail.com]]>
              </value>
            </param>
            <param index="5">
              <value>
                <![CDATA[6374603082]]>
              </value>
            </param>
            <param index="6">
              <value>
                <![CDATA[Chennai]]>
              </value>
            </param>
            <param index="7">
              <value>
                <![CDATA[600028]]>
              </value>
            </param>
            <param index="8">
              <value>
                <![CDATA[pass]]>
              </value>
            </param>
            <param index="9">
              <value>
                <![CDATA[3]]>
              </value>
            </param>
          </params>
          <reporter-output>
          </reporter-output>
        </test-method> <!-- test_003 -->
        <test-method signature="test_003(java.lang.String,java.lang.String,java.lang.String,java.lang.String,java.lang.String,java.lang.String,java.lang.String,java.lang.String,java.lang.String,java.lang.String)[pri:0, instance:testCases.TC_003_Validate_Gift_Cards@165b8a71]" started-at="2024-04-12T12:03:26 IST" name="test_003" data-provider="form_to_data" finished-at="2024-04-12T12:03:54 IST" duration-ms="27291" status="FAIL">
          <params>
            <param index="0">
              <value>
                <![CDATA[Vimal]]>
              </value>
            </param>
            <param index="1">
              <value>
                <![CDATA[vimal@gmail.com]]>
              </value>
            </param>
            <param index="2">
              <value>
                <![CDATA[6374603092]]>
              </value>
            </param>
            <param index="3">
              <value>
                <![CDATA[Vimal]]>
              </value>
            </param>
            <param index="4">
              <value>
                <![CDATA[ abc.com]]>
              </value>
            </param>
            <param index="5">
              <value>
                <![CDATA[6374603082]]>
              </value>
            </param>
            <param index="6">
              <value>
                <![CDATA[Chennai]]>
              </value>
            </param>
            <param index="7">
              <value>
                <![CDATA[600028]]>
              </value>
            </param>
            <param index="8">
              <value>
                <![CDATA[fail]]>
              </value>
            </param>
            <param index="9">
              <value>
                <![CDATA[4]]>
              </value>
            </param>
          </params>
          <exception class="java.lang.AssertionError">
            <message>
              <![CDATA[Section Element Not found: no such element: Unable to locate element: {"method":"xpath","selector":"//section[@class = '_14QEd _1QpDs']"}
  (Session info: chrome=120.0.6099.130)
For documentation on this error, please visit: https://www.selenium.dev/documentation/webdriver/troubleshooting/errors#no-such-element-exception
Build info: version: '4.15.0', revision: '1d14b5521b'
System info: os.name: 'Windows 11', os.arch: 'amd64', os.version: '10.0', java.version: '11.0.22'
Driver info: org.openqa.selenium.chrome.ChromeDriver
Command: [fc09228e1bd7bbd32cabce5224fb148a, findElement {using=xpath, value=//section[@class = '_14QEd _1QpDs']}]
Capabilities {acceptInsecureCerts: false, browserName: chrome, browserVersion: 120.0.6099.130, chrome: {chromedriverVersion: 120.0.6099.109 (3419140ab66..., userDataDir: C:\Users\2318646\AppData\Lo...}, fedcm:accounts: true, goog:chromeOptions: {debuggerAddress: localhost:54802}, networkConnectionEnabled: false, pageLoadStrategy: normal, platformName: windows, proxy: Proxy(), se:cdp: ws://localhost:54802/devtoo..., se:cdpVersion: 120.0.6099.130, setWindowRect: true, strictFileInteractability: false, timeouts: {implicit: 0, pageLoad: 300000, script: 30000}, unhandledPromptBehavior: dismiss and notify, webauthn:extension:credBlob: true, webauthn:extension:largeBlob: true, webauthn:extension:minPinLength: true, webauthn:extension:prf: true, webauthn:virtualAuthenticators: true}
Session ID: fc09228e1bd7bbd32cabce5224fb148a]]>
            </message>
            <full-stacktrace>
              <![CDATA[java.lang.AssertionError: Section Element Not found: no such element: Unable to locate element: {"method":"xpath","selector":"//section[@class = '_14QEd _1QpDs']"}
  (Session info: chrome=120.0.6099.130)
For documentation on this error, please visit: https://www.selenium.dev/documentation/webdriver/troubleshooting/errors#no-such-element-exception
Build info: version: '4.15.0', revision: '1d14b5521b'
System info: os.name: 'Windows 11', os.arch: 'amd64', os.version: '10.0', java.version: '11.0.22'
Driver info: org.openqa.selenium.chrome.ChromeDriver
Command: [fc09228e1bd7bbd32cabce5224fb148a, findElement {using=xpath, value=//section[@class = '_14QEd _1QpDs']}]
Capabilities {acceptInsecureCerts: false, browserName: chrome, browserVersion: 120.0.6099.130, chrome: {chromedriverVersion: 120.0.6099.109 (3419140ab66..., userDataDir: C:\Users\2318646\AppData\Lo...}, fedcm:accounts: true, goog:chromeOptions: {debuggerAddress: localhost:54802}, networkConnectionEnabled: false, pageLoadStrategy: normal, platformName: windows, proxy: Proxy(), se:cdp: ws://localhost:54802/devtoo..., se:cdpVersion: 120.0.6099.130, setWindowRect: true, strictFileInteractability: false, timeouts: {implicit: 0, pageLoad: 300000, script: 30000}, unhandledPromptBehavior: dismiss and notify, webauthn:extension:credBlob: true, webauthn:extension:largeBlob: true, webauthn:extension:minPinLength: true, webauthn:extension:prf: true, webauthn:virtualAuthenticators: true}
Session ID: fc09228e1bd7bbd32cabce5224fb148a
at org.testng.Assert.fail(Assert.java:111)
at testCases.TC_003_Validate_Gift_Cards.test_003(TC_003_Validate_Gift_Cards.java:86)
at java.base/jdk.internal.reflect.NativeMethodAccessorImpl.invoke0(Native Method)
at java.base/jdk.internal.reflect.NativeMethodAccessorImpl.invoke(NativeMethodAccessorImpl.java:62)
at java.base/jdk.internal.reflect.DelegatingMethodAccessorImpl.invoke(DelegatingMethodAccessorImpl.java:43)
at java.base/java.lang.reflect.Method.invoke(Method.java:566)
at org.testng.internal.invokers.MethodInvocationHelper.invokeMethod(MethodInvocationHelper.java:139)
at org.testng.internal.invokers.TestInvoker.invokeMethod(TestInvoker.java:664)
at org.testng.internal.invokers.TestInvoker.invokeTestMethod(TestInvoker.java:227)
at org.testng.internal.invokers.MethodRunner.runInSequence(MethodRunner.java:50)
at org.testng.internal.invokers.TestInvoker$MethodInvocationAgent.invoke(TestInvoker.java:957)
at org.testng.internal.invokers.TestInvoker.invokeTestMethods(TestInvoker.java:200)
at org.testng.internal.invokers.TestMethodWorker.invokeTestMethods(TestMethodWorker.java:148)
at org.testng.internal.invokers.TestMethodWorker.run(TestMethodWorker.java:128)
at java.base/java.util.ArrayList.forEach(ArrayList.java:1541)
at org.testng.TestRunner.privateRun(TestRunner.java:848)
at org.testng.TestRunner.run(TestRunner.java:621)
at org.testng.SuiteRunner.runTest(SuiteRunner.java:443)
at org.testng.SuiteRunner.runSequentially(SuiteRunner.java:437)
at org.testng.SuiteRunner.privateRun(SuiteRunner.java:397)
at org.testng.SuiteRunner.run(SuiteRunner.java:336)
at org.testng.SuiteRunnerWorker.runSuite(SuiteRunnerWorker.java:52)
at org.testng.SuiteRunnerWorker.run(SuiteRunnerWorker.java:95)
at org.testng.TestNG.runSuitesSequentially(TestNG.java:1280)
at org.testng.TestNG.runSuitesLocally(TestNG.java:1200)
at org.testng.TestNG.runSuites(TestNG.java:1114)
at org.testng.TestNG.run(TestNG.java:1082)
at org.apache.maven.surefire.testng.TestNGExecutor.run(TestNGExecutor.java:308)
at org.apache.maven.surefire.testng.TestNGXmlTestSuite.execute(TestNGXmlTestSuite.java:71)
at org.apache.maven.surefire.testng.TestNGProvider.invoke(TestNGProvider.java:113)
at org.apache.maven.surefire.booter.ForkedBooter.runSuitesInProcess(ForkedBooter.java:385)
at org.apache.maven.surefire.booter.ForkedBooter.execute(ForkedBooter.java:162)
at org.apache.maven.surefire.booter.ForkedBooter.run(ForkedBooter.java:507)
at org.apache.maven.surefire.booter.ForkedBooter.main(ForkedBooter.java:495)
]]>
            </full-stacktrace>
          </exception> <!-- java.lang.AssertionError -->
          <reporter-output>
          </reporter-output>
        </test-method> <!-- test_003 -->
        <test-method signature="test_003(java.lang.String,java.lang.String,java.lang.String,java.lang.String,java.lang.String,java.lang.String,java.lang.String,java.lang.String,java.lang.String,java.lang.String)[pri:0, instance:testCases.TC_003_Validate_Gift_Cards@165b8a71]" started-at="2024-04-12T12:03:54 IST" name="test_003" data-provider="form_to_data" finished-at="2024-04-12T12:04:04 IST" duration-ms="10008" status="PASS">
          <params>
            <param index="0">
              <value>
                <![CDATA[Nikil]]>
              </value>
            </param>
            <param index="1">
              <value>
                <![CDATA[nikil@gmail.com]]>
              </value>
            </param>
            <param index="2">
              <value>
                <![CDATA[6374603092]]>
              </value>
            </param>
            <param index="3">
              <value>
                <![CDATA[Vimal]]>
              </value>
            </param>
            <param index="4">
              <value>
                <![CDATA[ vimal@gmail.com]]>
              </value>
            </param>
            <param index="5">
              <value>
                <![CDATA[6374603092]]>
              </value>
            </param>
            <param index="6">
              <value>
                <![CDATA[Chennai]]>
              </value>
            </param>
            <param index="7">
              <value>
                <![CDATA[600028]]>
              </value>
            </param>
            <param index="8">
              <value>
                <![CDATA[pass]]>
              </value>
            </param>
            <param index="9">
              <value>
                <![CDATA[5]]>
              </value>
            </param>
          </params>
          <reporter-output>
          </reporter-output>
        </test-method> <!-- test_003 -->
        <test-method signature="test_003(java.lang.String,java.lang.String,java.lang.String,java.lang.String,java.lang.String,java.lang.String,java.lang.String,java.lang.String,java.lang.String,java.lang.String)[pri:0, instance:testCases.TC_003_Validate_Gift_Cards@165b8a71]" started-at="2024-04-12T12:04:04 IST" name="test_003" data-provider="form_to_data" finished-at="2024-04-12T12:04:12 IST" duration-ms="7594" status="PASS">
          <params>
            <param index="0">
              <value>
                <![CDATA[Aswath]]>
              </value>
            </param>
            <param index="1">
              <value>
                <![CDATA[aswath@gmail.com]]>
              </value>
            </param>
            <param index="2">
              <value>
                <![CDATA[6374603092]]>
              </value>
            </param>
            <param index="3">
              <value>
                <![CDATA[Vimal]]>
              </value>
            </param>
            <param index="4">
              <value>
                <![CDATA[ vimal@gmail.com]]>
              </value>
            </param>
            <param index="5">
              <value>
                <![CDATA[6374603082]]>
              </value>
            </param>
            <param index="6">
              <value>
                <![CDATA[Chennai]]>
              </value>
            </param>
            <param index="7">
              <value>
                <![CDATA[603103]]>
              </value>
            </param>
            <param index="8">
              <value>
                <![CDATA[pass]]>
              </value>
            </param>
            <param index="9">
              <value>
                <![CDATA[6]]>
              </value>
            </param>
          </params>
          <reporter-output>
          </reporter-output>
        </test-method> <!-- test_003 -->
      </class> <!-- testCases.TC_003_Validate_Gift_Cards -->
      <class name="testCases.TC_002_Validate_SubMenu">
        <test-method signature="test_002()[pri:0, instance:testCases.TC_002_Validate_SubMenu@7fd4acee]" started-at="2024-04-12T12:02:32 IST" name="test_002" finished-at="2024-04-12T12:02:37 IST" duration-ms="4570" status="PASS">
          <reporter-output>
          </reporter-output>
        </test-method> <!-- test_002 -->
      </class> <!-- testCases.TC_002_Validate_SubMenu -->
    </test> <!-- ChromeTest -->
    <test started-at="2024-04-12T12:04:15 IST" name="EdgeTest" finished-at="2024-04-12T12:06:28 IST" duration-ms="132275">
      <class name="testCases.TC_001_Validate_BookShelves">
        <test-method is-config="true" signature="setup(java.lang.String,java.lang.String)[pri:0, instance:testCases.TC_001_Validate_BookShelves@60fa3495]" started-at="2024-04-12T12:04:15 IST" name="setup" finished-at="2024-04-12T12:04:28 IST" duration-ms="12756" status="PASS">
          <params>
            <param index="0">
              <value>
                <![CDATA[windows]]>
              </value>
            </param>
            <param index="1">
              <value>
                <![CDATA[edge]]>
              </value>
            </param>
          </params>
          <reporter-output>
          </reporter-output>
        </test-method> <!-- setup -->
        <test-method signature="test_001()[pri:0, instance:testCases.TC_001_Validate_BookShelves@60fa3495]" started-at="2024-04-12T12:04:28 IST" name="test_001" finished-at="2024-04-12T12:04:46 IST" duration-ms="18003" status="PASS">
          <reporter-output>
          </reporter-output>
        </test-method> <!-- test_001 -->
        <test-method is-config="true" signature="close()[pri:0, instance:testCases.TC_001_Validate_BookShelves@60fa3495]" started-at="2024-04-12T12:06:27 IST" name="close" finished-at="2024-04-12T12:06:28 IST" duration-ms="1149" status="PASS">
          <reporter-output>
          </reporter-output>
        </test-method> <!-- close -->
      </class> <!-- testCases.TC_001_Validate_BookShelves -->
      <class name="testCases.TC_003_Validate_Gift_Cards">
        <test-method signature="test_003(java.lang.String,java.lang.String,java.lang.String,java.lang.String,java.lang.String,java.lang.String,java.lang.String,java.lang.String,java.lang.String,java.lang.String)[pri:0, instance:testCases.TC_003_Validate_Gift_Cards@79e18e38]" started-at="2024-04-12T12:04:51 IST" name="test_003" data-provider="form_to_data" finished-at="2024-04-12T12:04:59 IST" duration-ms="8068" status="PASS">
          <params>
            <param index="0">
              <value>
                <![CDATA[Raja]]>
              </value>
            </param>
            <param index="1">
              <value>
                <![CDATA[raja@gmail.com]]>
              </value>
            </param>
            <param index="2">
              <value>
                <![CDATA[6374603092]]>
              </value>
            </param>
            <param index="3">
              <value>
                <![CDATA[Vimal]]>
              </value>
            </param>
            <param index="4">
              <value>
                <![CDATA[vimal@gmail.com]]>
              </value>
            </param>
            <param index="5">
              <value>
                <![CDATA[6374603082]]>
              </value>
            </param>
            <param index="6">
              <value>
                <![CDATA[Chennai]]>
              </value>
            </param>
            <param index="7">
              <value>
                <![CDATA[600028]]>
              </value>
            </param>
            <param index="8">
              <value>
                <![CDATA[pass]]>
              </value>
            </param>
            <param index="9">
              <value>
                <![CDATA[1]]>
              </value>
            </param>
          </params>
          <reporter-output>
          </reporter-output>
        </test-method> <!-- test_003 -->
        <test-method signature="test_003(java.lang.String,java.lang.String,java.lang.String,java.lang.String,java.lang.String,java.lang.String,java.lang.String,java.lang.String,java.lang.String,java.lang.String)[pri:0, instance:testCases.TC_003_Validate_Gift_Cards@79e18e38]" started-at="2024-04-12T12:05:00 IST" name="test_003" data-provider="form_to_data" finished-at="2024-04-12T12:05:28 IST" duration-ms="28220" status="FAIL">
          <params>
            <param index="0">
              <value>
                <![CDATA[Kamal]]>
              </value>
            </param>
            <param index="1">
              <value>
                <![CDATA[kamal.com]]>
              </value>
            </param>
            <param index="2">
              <value>
                <![CDATA[6374603092]]>
              </value>
            </param>
            <param index="3">
              <value>
                <![CDATA[Vimal]]>
              </value>
            </param>
            <param index="4">
              <value>
                <![CDATA[vimal@gmail.com]]>
              </value>
            </param>
            <param index="5">
              <value>
                <![CDATA[6374603082]]>
              </value>
            </param>
            <param index="6">
              <value>
                <![CDATA[Chennai]]>
              </value>
            </param>
            <param index="7">
              <value>
                <![CDATA[600028]]>
              </value>
            </param>
            <param index="8">
              <value>
                <![CDATA[fail]]>
              </value>
            </param>
            <param index="9">
              <value>
                <![CDATA[2]]>
              </value>
            </param>
          </params>
          <exception class="java.lang.AssertionError">
            <message>
              <![CDATA[Section Element Not found: no such element: Unable to locate element: {"method":"xpath","selector":"//section[@class = '_14QEd _1QpDs']"}
  (Session info: MicrosoftEdge=123.0.2420.81)
For documentation on this error, please visit: https://www.selenium.dev/documentation/webdriver/troubleshooting/errors#no-such-element-exception
Build info: version: '4.15.0', revision: '1d14b5521b'
System info: os.name: 'Windows 11', os.arch: 'amd64', os.version: '10.0', java.version: '11.0.22'
Driver info: org.openqa.selenium.edge.EdgeDriver
Command: [07fbd69a7bebad9855615829653aba69, findElement {using=xpath, value=//section[@class = '_14QEd _1QpDs']}]
Capabilities {acceptInsecureCerts: false, browserName: MicrosoftEdge, browserVersion: 123.0.2420.81, fedcm:accounts: true, ms:edgeOptions: {debuggerAddress: localhost:55290}, msedge: {msedgedriverVersion: 123.0.2420.81 (8acdca46cf48..., userDataDir: C:\Users\2318646\AppData\Lo...}, networkConnectionEnabled: false, pageLoadStrategy: normal, platformName: windows, proxy: Proxy(), se:cdp: ws://localhost:55290/devtoo..., se:cdpVersion: 123.0.2420.81, setWindowRect: true, strictFileInteractability: false, timeouts: {implicit: 0, pageLoad: 300000, script: 30000}, unhandledPromptBehavior: dismiss and notify, webauthn:extension:credBlob: true, webauthn:extension:largeBlob: true, webauthn:extension:minPinLength: true, webauthn:extension:prf: true, webauthn:virtualAuthenticators: true}
Session ID: 07fbd69a7bebad9855615829653aba69]]>
            </message>
            <full-stacktrace>
              <![CDATA[java.lang.AssertionError: Section Element Not found: no such element: Unable to locate element: {"method":"xpath","selector":"//section[@class = '_14QEd _1QpDs']"}
  (Session info: MicrosoftEdge=123.0.2420.81)
For documentation on this error, please visit: https://www.selenium.dev/documentation/webdriver/troubleshooting/errors#no-such-element-exception
Build info: version: '4.15.0', revision: '1d14b5521b'
System info: os.name: 'Windows 11', os.arch: 'amd64', os.version: '10.0', java.version: '11.0.22'
Driver info: org.openqa.selenium.edge.EdgeDriver
Command: [07fbd69a7bebad9855615829653aba69, findElement {using=xpath, value=//section[@class = '_14QEd _1QpDs']}]
Capabilities {acceptInsecureCerts: false, browserName: MicrosoftEdge, browserVersion: 123.0.2420.81, fedcm:accounts: true, ms:edgeOptions: {debuggerAddress: localhost:55290}, msedge: {msedgedriverVersion: 123.0.2420.81 (8acdca46cf48..., userDataDir: C:\Users\2318646\AppData\Lo...}, networkConnectionEnabled: false, pageLoadStrategy: normal, platformName: windows, proxy: Proxy(), se:cdp: ws://localhost:55290/devtoo..., se:cdpVersion: 123.0.2420.81, setWindowRect: true, strictFileInteractability: false, timeouts: {implicit: 0, pageLoad: 300000, script: 30000}, unhandledPromptBehavior: dismiss and notify, webauthn:extension:credBlob: true, webauthn:extension:largeBlob: true, webauthn:extension:minPinLength: true, webauthn:extension:prf: true, webauthn:virtualAuthenticators: true}
Session ID: 07fbd69a7bebad9855615829653aba69
at org.testng.Assert.fail(Assert.java:111)
at testCases.TC_003_Validate_Gift_Cards.test_003(TC_003_Validate_Gift_Cards.java:86)
at java.base/jdk.internal.reflect.NativeMethodAccessorImpl.invoke0(Native Method)
at java.base/jdk.internal.reflect.NativeMethodAccessorImpl.invoke(NativeMethodAccessorImpl.java:62)
at java.base/jdk.internal.reflect.DelegatingMethodAccessorImpl.invoke(DelegatingMethodAccessorImpl.java:43)
at java.base/java.lang.reflect.Method.invoke(Method.java:566)
at org.testng.internal.invokers.MethodInvocationHelper.invokeMethod(MethodInvocationHelper.java:139)
at org.testng.internal.invokers.TestInvoker.invokeMethod(TestInvoker.java:664)
at org.testng.internal.invokers.TestInvoker.invokeTestMethod(TestInvoker.java:227)
at org.testng.internal.invokers.MethodRunner.runInSequence(MethodRunner.java:50)
at org.testng.internal.invokers.TestInvoker$MethodInvocationAgent.invoke(TestInvoker.java:957)
at org.testng.internal.invokers.TestInvoker.invokeTestMethods(TestInvoker.java:200)
at org.testng.internal.invokers.TestMethodWorker.invokeTestMethods(TestMethodWorker.java:148)
at org.testng.internal.invokers.TestMethodWorker.run(TestMethodWorker.java:128)
at java.base/java.util.ArrayList.forEach(ArrayList.java:1541)
at org.testng.TestRunner.privateRun(TestRunner.java:848)
at org.testng.TestRunner.run(TestRunner.java:621)
at org.testng.SuiteRunner.runTest(SuiteRunner.java:443)
at org.testng.SuiteRunner.runSequentially(SuiteRunner.java:437)
at org.testng.SuiteRunner.privateRun(SuiteRunner.java:397)
at org.testng.SuiteRunner.run(SuiteRunner.java:336)
at org.testng.SuiteRunnerWorker.runSuite(SuiteRunnerWorker.java:52)
at org.testng.SuiteRunnerWorker.run(SuiteRunnerWorker.java:95)
at org.testng.TestNG.runSuitesSequentially(TestNG.java:1280)
at org.testng.TestNG.runSuitesLocally(TestNG.java:1200)
at org.testng.TestNG.runSuites(TestNG.java:1114)
at org.testng.TestNG.run(TestNG.java:1082)
at org.apache.maven.surefire.testng.TestNGExecutor.run(TestNGExecutor.java:308)
at org.apache.maven.surefire.testng.TestNGXmlTestSuite.execute(TestNGXmlTestSuite.java:71)
at org.apache.maven.surefire.testng.TestNGProvider.invoke(TestNGProvider.java:113)
at org.apache.maven.surefire.booter.ForkedBooter.runSuitesInProcess(ForkedBooter.java:385)
at org.apache.maven.surefire.booter.ForkedBooter.execute(ForkedBooter.java:162)
at org.apache.maven.surefire.booter.ForkedBooter.run(ForkedBooter.java:507)
at org.apache.maven.surefire.booter.ForkedBooter.main(ForkedBooter.java:495)
]]>
            </full-stacktrace>
          </exception> <!-- java.lang.AssertionError -->
          <reporter-output>
          </reporter-output>
        </test-method> <!-- test_003 -->
        <test-method signature="test_003(java.lang.String,java.lang.String,java.lang.String,java.lang.String,java.lang.String,java.lang.String,java.lang.String,java.lang.String,java.lang.String,java.lang.String)[pri:0, instance:testCases.TC_003_Validate_Gift_Cards@79e18e38]" started-at="2024-04-12T12:05:28 IST" name="test_003" data-provider="form_to_data" finished-at="2024-04-12T12:05:37 IST" duration-ms="8448" status="PASS">
          <params>
            <param index="0">
              <value>
                <![CDATA[Gomathi]]>
              </value>
            </param>
            <param index="1">
              <value>
                <![CDATA[gomathi@gmail.com]]>
              </value>
            </param>
            <param index="2">
              <value>
                <![CDATA[6374603092]]>
              </value>
            </param>
            <param index="3">
              <value>
                <![CDATA[Vimal]]>
              </value>
            </param>
            <param index="4">
              <value>
                <![CDATA[vimal@gmail.com]]>
              </value>
            </param>
            <param index="5">
              <value>
                <![CDATA[6374603082]]>
              </value>
            </param>
            <param index="6">
              <value>
                <![CDATA[Chennai]]>
              </value>
            </param>
            <param index="7">
              <value>
                <![CDATA[600028]]>
              </value>
            </param>
            <param index="8">
              <value>
                <![CDATA[pass]]>
              </value>
            </param>
            <param index="9">
              <value>
                <![CDATA[3]]>
              </value>
            </param>
          </params>
          <reporter-output>
          </reporter-output>
        </test-method> <!-- test_003 -->
        <test-method signature="test_003(java.lang.String,java.lang.String,java.lang.String,java.lang.String,java.lang.String,java.lang.String,java.lang.String,java.lang.String,java.lang.String,java.lang.String)[pri:0, instance:testCases.TC_003_Validate_Gift_Cards@79e18e38]" started-at="2024-04-12T12:05:37 IST" name="test_003" data-provider="form_to_data" finished-at="2024-04-12T12:06:08 IST" duration-ms="31341" status="FAIL">
          <params>
            <param index="0">
              <value>
                <![CDATA[Vimal]]>
              </value>
            </param>
            <param index="1">
              <value>
                <![CDATA[vimal@gmail.com]]>
              </value>
            </param>
            <param index="2">
              <value>
                <![CDATA[6374603092]]>
              </value>
            </param>
            <param index="3">
              <value>
                <![CDATA[Vimal]]>
              </value>
            </param>
            <param index="4">
              <value>
                <![CDATA[ abc.com]]>
              </value>
            </param>
            <param index="5">
              <value>
                <![CDATA[6374603082]]>
              </value>
            </param>
            <param index="6">
              <value>
                <![CDATA[Chennai]]>
              </value>
            </param>
            <param index="7">
              <value>
                <![CDATA[600028]]>
              </value>
            </param>
            <param index="8">
              <value>
                <![CDATA[fail]]>
              </value>
            </param>
            <param index="9">
              <value>
                <![CDATA[4]]>
              </value>
            </param>
          </params>
          <exception class="java.lang.AssertionError">
            <message>
              <![CDATA[Section Element Not found: no such element: Unable to locate element: {"method":"xpath","selector":"//section[@class = '_14QEd _1QpDs']"}
  (Session info: MicrosoftEdge=123.0.2420.81)
For documentation on this error, please visit: https://www.selenium.dev/documentation/webdriver/troubleshooting/errors#no-such-element-exception
Build info: version: '4.15.0', revision: '1d14b5521b'
System info: os.name: 'Windows 11', os.arch: 'amd64', os.version: '10.0', java.version: '11.0.22'
Driver info: org.openqa.selenium.edge.EdgeDriver
Command: [07fbd69a7bebad9855615829653aba69, findElement {using=xpath, value=//section[@class = '_14QEd _1QpDs']}]
Capabilities {acceptInsecureCerts: false, browserName: MicrosoftEdge, browserVersion: 123.0.2420.81, fedcm:accounts: true, ms:edgeOptions: {debuggerAddress: localhost:55290}, msedge: {msedgedriverVersion: 123.0.2420.81 (8acdca46cf48..., userDataDir: C:\Users\2318646\AppData\Lo...}, networkConnectionEnabled: false, pageLoadStrategy: normal, platformName: windows, proxy: Proxy(), se:cdp: ws://localhost:55290/devtoo..., se:cdpVersion: 123.0.2420.81, setWindowRect: true, strictFileInteractability: false, timeouts: {implicit: 0, pageLoad: 300000, script: 30000}, unhandledPromptBehavior: dismiss and notify, webauthn:extension:credBlob: true, webauthn:extension:largeBlob: true, webauthn:extension:minPinLength: true, webauthn:extension:prf: true, webauthn:virtualAuthenticators: true}
Session ID: 07fbd69a7bebad9855615829653aba69]]>
            </message>
            <full-stacktrace>
              <![CDATA[java.lang.AssertionError: Section Element Not found: no such element: Unable to locate element: {"method":"xpath","selector":"//section[@class = '_14QEd _1QpDs']"}
  (Session info: MicrosoftEdge=123.0.2420.81)
For documentation on this error, please visit: https://www.selenium.dev/documentation/webdriver/troubleshooting/errors#no-such-element-exception
Build info: version: '4.15.0', revision: '1d14b5521b'
System info: os.name: 'Windows 11', os.arch: 'amd64', os.version: '10.0', java.version: '11.0.22'
Driver info: org.openqa.selenium.edge.EdgeDriver
Command: [07fbd69a7bebad9855615829653aba69, findElement {using=xpath, value=//section[@class = '_14QEd _1QpDs']}]
Capabilities {acceptInsecureCerts: false, browserName: MicrosoftEdge, browserVersion: 123.0.2420.81, fedcm:accounts: true, ms:edgeOptions: {debuggerAddress: localhost:55290}, msedge: {msedgedriverVersion: 123.0.2420.81 (8acdca46cf48..., userDataDir: C:\Users\2318646\AppData\Lo...}, networkConnectionEnabled: false, pageLoadStrategy: normal, platformName: windows, proxy: Proxy(), se:cdp: ws://localhost:55290/devtoo..., se:cdpVersion: 123.0.2420.81, setWindowRect: true, strictFileInteractability: false, timeouts: {implicit: 0, pageLoad: 300000, script: 30000}, unhandledPromptBehavior: dismiss and notify, webauthn:extension:credBlob: true, webauthn:extension:largeBlob: true, webauthn:extension:minPinLength: true, webauthn:extension:prf: true, webauthn:virtualAuthenticators: true}
Session ID: 07fbd69a7bebad9855615829653aba69
at org.testng.Assert.fail(Assert.java:111)
at testCases.TC_003_Validate_Gift_Cards.test_003(TC_003_Validate_Gift_Cards.java:86)
at java.base/jdk.internal.reflect.NativeMethodAccessorImpl.invoke0(Native Method)
at java.base/jdk.internal.reflect.NativeMethodAccessorImpl.invoke(NativeMethodAccessorImpl.java:62)
at java.base/jdk.internal.reflect.DelegatingMethodAccessorImpl.invoke(DelegatingMethodAccessorImpl.java:43)
at java.base/java.lang.reflect.Method.invoke(Method.java:566)
at org.testng.internal.invokers.MethodInvocationHelper.invokeMethod(MethodInvocationHelper.java:139)
at org.testng.internal.invokers.TestInvoker.invokeMethod(TestInvoker.java:664)
at org.testng.internal.invokers.TestInvoker.invokeTestMethod(TestInvoker.java:227)
at org.testng.internal.invokers.MethodRunner.runInSequence(MethodRunner.java:50)
at org.testng.internal.invokers.TestInvoker$MethodInvocationAgent.invoke(TestInvoker.java:957)
at org.testng.internal.invokers.TestInvoker.invokeTestMethods(TestInvoker.java:200)
at org.testng.internal.invokers.TestMethodWorker.invokeTestMethods(TestMethodWorker.java:148)
at org.testng.internal.invokers.TestMethodWorker.run(TestMethodWorker.java:128)
at java.base/java.util.ArrayList.forEach(ArrayList.java:1541)
at org.testng.TestRunner.privateRun(TestRunner.java:848)
at org.testng.TestRunner.run(TestRunner.java:621)
at org.testng.SuiteRunner.runTest(SuiteRunner.java:443)
at org.testng.SuiteRunner.runSequentially(SuiteRunner.java:437)
at org.testng.SuiteRunner.privateRun(SuiteRunner.java:397)
at org.testng.SuiteRunner.run(SuiteRunner.java:336)
at org.testng.SuiteRunnerWorker.runSuite(SuiteRunnerWorker.java:52)
at org.testng.SuiteRunnerWorker.run(SuiteRunnerWorker.java:95)
at org.testng.TestNG.runSuitesSequentially(TestNG.java:1280)
at org.testng.TestNG.runSuitesLocally(TestNG.java:1200)
at org.testng.TestNG.runSuites(TestNG.java:1114)
at org.testng.TestNG.run(TestNG.java:1082)
at org.apache.maven.surefire.testng.TestNGExecutor.run(TestNGExecutor.java:308)
at org.apache.maven.surefire.testng.TestNGXmlTestSuite.execute(TestNGXmlTestSuite.java:71)
at org.apache.maven.surefire.testng.TestNGProvider.invoke(TestNGProvider.java:113)
at org.apache.maven.surefire.booter.ForkedBooter.runSuitesInProcess(ForkedBooter.java:385)
at org.apache.maven.surefire.booter.ForkedBooter.execute(ForkedBooter.java:162)
at org.apache.maven.surefire.booter.ForkedBooter.run(ForkedBooter.java:507)
at org.apache.maven.surefire.booter.ForkedBooter.main(ForkedBooter.java:495)
]]>
            </full-stacktrace>
          </exception> <!-- java.lang.AssertionError -->
          <reporter-output>
          </reporter-output>
        </test-method> <!-- test_003 -->
        <test-method signature="test_003(java.lang.String,java.lang.String,java.lang.String,java.lang.String,java.lang.String,java.lang.String,java.lang.String,java.lang.String,java.lang.String,java.lang.String)[pri:0, instance:testCases.TC_003_Validate_Gift_Cards@79e18e38]" started-at="2024-04-12T12:06:09 IST" name="test_003" data-provider="form_to_data" finished-at="2024-04-12T12:06:17 IST" duration-ms="8353" status="PASS">
          <params>
            <param index="0">
              <value>
                <![CDATA[Nikil]]>
              </value>
            </param>
            <param index="1">
              <value>
                <![CDATA[nikil@gmail.com]]>
              </value>
            </param>
            <param index="2">
              <value>
                <![CDATA[6374603092]]>
              </value>
            </param>
            <param index="3">
              <value>
                <![CDATA[Vimal]]>
              </value>
            </param>
            <param index="4">
              <value>
                <![CDATA[ vimal@gmail.com]]>
              </value>
            </param>
            <param index="5">
              <value>
                <![CDATA[6374603092]]>
              </value>
            </param>
            <param index="6">
              <value>
                <![CDATA[Chennai]]>
              </value>
            </param>
            <param index="7">
              <value>
                <![CDATA[600028]]>
              </value>
            </param>
            <param index="8">
              <value>
                <![CDATA[pass]]>
              </value>
            </param>
            <param index="9">
              <value>
                <![CDATA[5]]>
              </value>
            </param>
          </params>
          <reporter-output>
          </reporter-output>
        </test-method> <!-- test_003 -->
        <test-method signature="test_003(java.lang.String,java.lang.String,java.lang.String,java.lang.String,java.lang.String,java.lang.String,java.lang.String,java.lang.String,java.lang.String,java.lang.String)[pri:0, instance:testCases.TC_003_Validate_Gift_Cards@79e18e38]" started-at="2024-04-12T12:06:18 IST" name="test_003" data-provider="form_to_data" finished-at="2024-04-12T12:06:26 IST" duration-ms="8500" status="PASS">
          <params>
            <param index="0">
              <value>
                <![CDATA[Aswath]]>
              </value>
            </param>
            <param index="1">
              <value>
                <![CDATA[aswath@gmail.com]]>
              </value>
            </param>
            <param index="2">
              <value>
                <![CDATA[6374603092]]>
              </value>
            </param>
            <param index="3">
              <value>
                <![CDATA[Vimal]]>
              </value>
            </param>
            <param index="4">
              <value>
                <![CDATA[ vimal@gmail.com]]>
              </value>
            </param>
            <param index="5">
              <value>
                <![CDATA[6374603082]]>
              </value>
            </param>
            <param index="6">
              <value>
                <![CDATA[Chennai]]>
              </value>
            </param>
            <param index="7">
              <value>
                <![CDATA[603103]]>
              </value>
            </param>
            <param index="8">
              <value>
                <![CDATA[pass]]>
              </value>
            </param>
            <param index="9">
              <value>
                <![CDATA[6]]>
              </value>
            </param>
          </params>
          <reporter-output>
          </reporter-output>
        </test-method> <!-- test_003 -->
      </class> <!-- testCases.TC_003_Validate_Gift_Cards -->
      <class name="testCases.TC_002_Validate_SubMenu">
        <test-method signature="test_002()[pri:0, instance:testCases.TC_002_Validate_SubMenu@3e2822]" started-at="2024-04-12T12:04:47 IST" name="test_002" finished-at="2024-04-12T12:04:51 IST" duration-ms="4120" status="PASS">
          <reporter-output>
          </reporter-output>
        </test-method> <!-- test_002 -->
      </class> <!-- testCases.TC_002_Validate_SubMenu -->
    </test> <!-- EdgeTest -->
  </suite> <!-- Suite -->
</testng-results>
